<?xml version="1.0" encoding="UTF-8"?>
<!-- Generated by org.testng.reporters.JUnitReportReporter -->
<testsuite hostname="DESKTOP-U2PRSOR" failures="0" tests="1" name="org.prac.Samle" time="4.289" errors="0" timestamp="2024-01-22T18:33:40 IST" skipped="0">
  <testcase classname="org.prac.Samle" name="m1" time="4.289"/>
</testsuite> <!-- org.prac.Samle -->
