<?xml version="1.0" encoding="UTF-8"?>
<!-- Generated by org.testng.reporters.JUnitReportReporter -->
<testsuite hostname="DESKTOP-U2PRSOR" failures="0" tests="1" name="org.prac.Samle" time="4.336" errors="0" timestamp="2024-01-11T15:49:32 IST" skipped="0">
  <testcase classname="org.prac.Samle" name="m1" time="4.336"/>
</testsuite> <!-- org.prac.Samle -->
